2024-01-13T06:38:39.157+0000 INFO Starting SareetaApplication on PC-WIND with PID 2676 (C:\udacity\nd035-c4-Security-and-DevOps\starter_code\target\classes started by devex in C:\udacity\nd035-c4-Security-and-DevOps)
2024-01-13T06:38:39.164+0000 DEBUG Running with Spring Boot v2.1.5.RELEASE, Spring v5.1.7.RELEASE
2024-01-13T06:38:39.165+0000 INFO No active profile set, falling back to default profiles: default
2024-01-13T06:38:42.257+0000 INFO Started SareetaApplication in 3.319 seconds (JVM running for 3.955)
2024-01-13T07:46:21.708+0000 INFO Users: processing  creating user: sareeta2
2024-01-13T07:46:21.906+0000 INFO users: Success creating user {}: sareeta2
2024-01-13T07:49:03.285+0000 INFO Users: processing  creating user: sareeta3
2024-01-13T07:49:03.287+0000 INFO Users: Failed creating a  user :sareeta3
2024-01-13T17:43:20.562+0000 INFO Starting SareetaApplication on PC-WIND with PID 31928 (C:\udacity\nd035-c4-Security-and-DevOps\starter_code\target\classes started by devex in C:\udacity\nd035-c4-Security-and-DevOps)
2024-01-13T17:43:20.566+0000 DEBUG Running with Spring Boot v2.1.5.RELEASE, Spring v5.1.7.RELEASE
2024-01-13T17:43:20.567+0000 INFO No active profile set, falling back to default profiles: default
2024-01-13T17:43:23.702+0000 INFO Started SareetaApplication in 3.351 seconds (JVM running for 4.036)
2024-01-13T17:49:59.019+0000 INFO Starting SareetaApplication on PC-WIND with PID 40324 (C:\udacity\nd035-c4-Security-and-DevOps\starter_code\target\classes started by devex in C:\udacity\nd035-c4-Security-and-DevOps)
2024-01-13T17:49:59.025+0000 DEBUG Running with Spring Boot v2.1.5.RELEASE, Spring v5.1.7.RELEASE
2024-01-13T17:49:59.026+0000 INFO No active profile set, falling back to default profiles: default
2024-01-13T17:50:02.062+0000 INFO Started SareetaApplication in 3.354 seconds (JVM running for 4.161)
2024-01-13T17:50:35.739+0000 INFO Starting SareetaApplication on PC-WIND with PID 21704 (C:\udacity\nd035-c4-Security-and-DevOps\starter_code\target\classes started by devex in C:\udacity\nd035-c4-Security-and-DevOps)
2024-01-13T17:50:35.745+0000 DEBUG Running with Spring Boot v2.1.5.RELEASE, Spring v5.1.7.RELEASE
2024-01-13T17:50:35.746+0000 INFO No active profile set, falling back to default profiles: default
2024-01-13T17:50:39.180+0000 INFO Started SareetaApplication in 3.744 seconds (JVM running for 4.768)
2024-01-13T17:51:00.992+0000 INFO Starting SareetaApplication on PC-WIND with PID 29796 (C:\udacity\nd035-c4-Security-and-DevOps\starter_code\target\classes started by devex in C:\udacity\nd035-c4-Security-and-DevOps)
2024-01-13T17:51:00.998+0000 DEBUG Running with Spring Boot v2.1.5.RELEASE, Spring v5.1.7.RELEASE
2024-01-13T17:51:00.999+0000 INFO No active profile set, falling back to default profiles: default
2024-01-13T17:51:04.181+0000 INFO Started SareetaApplication in 3.555 seconds (JVM running for 4.446)
2024-01-13T18:20:38.990+0000 INFO Starting SareetaApplication on PC-WIND with PID 27260 (C:\udacity\nd035-c4-Security-and-DevOps\starter_code\target\classes started by devex in C:\udacity\nd035-c4-Security-and-DevOps)
2024-01-13T18:20:38.994+0000 DEBUG Running with Spring Boot v2.1.5.RELEASE, Spring v5.1.7.RELEASE
2024-01-13T18:20:38.994+0000 INFO No active profile set, falling back to default profiles: default
2024-01-13T18:20:42.086+0000 INFO Started SareetaApplication in 3.315 seconds (JVM running for 3.988)
2024-01-13T18:21:48.619+0000 INFO Users: processing  creating user: sareeta3
2024-01-13T18:21:48.680+0000 INFO Users: Failed creating a  user :sareeta3
2024-01-13T18:42:54.236+0000 INFO Users: processing  creating user: sareeta3
2024-01-13T18:42:54.241+0000 INFO Users: Failed creating a  user :sareeta3
2024-01-13T18:44:32.641+0000 INFO Users: processing  creating user: sareeta4
2024-01-13T18:44:32.643+0000 INFO Users: Failed creating a  user :sareeta4
2024-01-13T19:06:44.544+0000 INFO Users: processing  creating user: sareeta4
2024-01-13T19:06:44.550+0000 INFO Users: Failed creating a  user :sareeta4
